#
# There is insufficient memory for the Java Runtime Environment to continue.
# Native memory allocation (malloc) failed to allocate 520448 bytes for Chunk::new
# Possible reasons:
#   The system is out of physical RAM or swap space
#   The process is running with CompressedOops enabled, and the Java Heap may be blocking the growth of the native heap
# Possible solutions:
#   Reduce memory load on the system
#   Increase physical memory or swap space
#   Check if swap backing store is full
#   Decrease Java heap size (-Xmx/-Xms)
#   Decrease number of Java threads
#   Decrease Java thread stack sizes (-Xss)
#   Set larger code cache with -XX:ReservedCodeCacheSize=
#   JVM is running with Unscaled Compressed Oops mode in which the Java heap is
#     placed in the first 4GB address space. The Java Heap base address is the
#     maximum limit for the native heap growth. Please use -XX:HeapBaseMinAddress
#     to set the Java Heap base and to place the Java Heap above 4GB virtual address.
# This output file may be truncated or incomplete.
#
#  Out of Memory Error (arena.cpp:168), pid=21812, tid=25188
#
# JRE version: Java(TM) SE Runtime Environment (21.0.4+8) (build 21.0.4+8-LTS-274)
# Java VM: Java HotSpot(TM) 64-Bit Server VM (21.0.4+8-LTS-274, mixed mode, sharing, tiered, compressed oops, compressed class ptrs, g1 gc, windows-amd64)
# No core dump will be written. Minidumps are not enabled by default on client versions of Windows
#

---------------  S U M M A R Y ------------

Command Line: -Dfile.encoding=UTF-8 -Dstdout.encoding=UTF-8 -Dstderr.encoding=UTF-8 -XX:+ShowCodeDetailsInExceptionMessages com.vica.trips.TripsApplication

Host: Intel(R) Core(TM) i5-4300U CPU @ 1.90GHz, 4 cores, 3G,  Windows 10 , 64 bit Build 19041 (10.0.19041.5438)
Time: Tue Mar 25 21:13:08 2025 Eastern Daylight Time elapsed time: 10.351888 seconds (0d 0h 0m 10s)

---------------  T H R E A D  ---------------

Current thread (0x000001ef7ebed3f0):  JavaThread "C2 CompilerThread0" daemon [_thread_in_native, id=25188, stack(0x00000071b9300000,0x00000071b9400000) (1024K)]


Current CompileTask:
C2:  10352 1643       4       jdk.internal.loader.URLClassPath::getResource (74 bytes)

Stack: [0x00000071b9300000,0x00000071b9400000]
Native frames: (J=compiled Java code, j=interpreted, Vv=VM code, C=native code)
V  [jvm.dll+0x6c8e59]
V  [jvm.dll+0x853181]
V  [jvm.dll+0x8556ae]
V  [jvm.dll+0x855d83]
V  [jvm.dll+0x27d526]
V  [jvm.dll+0xc4aad]
V  [jvm.dll+0xc4fe3]
V  [jvm.dll+0x3b400c]
V  [jvm.dll+0x3809a5]
V  [jvm.dll+0x37fe1a]
V  [jvm.dll+0x246280]
V  [jvm.dll+0x24585f]
V  [jvm.dll+0x1c69de]
V  [jvm.dll+0x254d49]
V  [jvm.dll+0x2532da]
V  [jvm.dll+0x3ed426]
V  [jvm.dll+0x7fd65b]
V  [jvm.dll+0x6c753d]
C  [ucrtbase.dll+0x21bb2]
C  [KERNEL32.DLL+0x17374]
C  [ntdll.dll+0x4cc91]


---------------  P R O C E S S  ---------------

Threads class SMR info:
_java_thread_list=0x000001ef7f3a7f30, length=12, elements={
0x000001ef72f85640, 0x000001ef7ebd9f40, 0x000001ef7ebe35d0, 0x000001ef7ebe6190,
0x000001ef7ebe9c10, 0x000001ef7ebebc00, 0x000001ef7ebec660, 0x000001ef7ebed3f0,
0x000001ef7ec195b0, 0x000001ef7eeb59d0, 0x000001ef7eebd9c0, 0x000001ef5626a190
}

Java Threads: ( => current thread )
  0x000001ef72f85640 JavaThread "main"                              [_thread_in_vm, id=15804, stack(0x00000071b8400000,0x00000071b8500000) (1024K)]
  0x000001ef7ebd9f40 JavaThread "Reference Handler"          daemon [_thread_blocked, id=18164, stack(0x00000071b8d00000,0x00000071b8e00000) (1024K)]
  0x000001ef7ebe35d0 JavaThread "Finalizer"                  daemon [_thread_blocked, id=10772, stack(0x00000071b8e00000,0x00000071b8f00000) (1024K)]
  0x000001ef7ebe6190 JavaThread "Signal Dispatcher"          daemon [_thread_blocked, id=19072, stack(0x00000071b8f00000,0x00000071b9000000) (1024K)]
  0x000001ef7ebe9c10 JavaThread "Attach Listener"            daemon [_thread_blocked, id=2200, stack(0x00000071b9000000,0x00000071b9100000) (1024K)]
  0x000001ef7ebebc00 JavaThread "Service Thread"             daemon [_thread_blocked, id=4756, stack(0x00000071b9100000,0x00000071b9200000) (1024K)]
  0x000001ef7ebec660 JavaThread "Monitor Deflation Thread"   daemon [_thread_blocked, id=5956, stack(0x00000071b9200000,0x00000071b9300000) (1024K)]
=>0x000001ef7ebed3f0 JavaThread "C2 CompilerThread0"         daemon [_thread_in_native, id=25188, stack(0x00000071b9300000,0x00000071b9400000) (1024K)]
  0x000001ef7ec195b0 JavaThread "C1 CompilerThread0"         daemon [_thread_in_native, id=21368, stack(0x00000071b9400000,0x00000071b9500000) (1024K)]
  0x000001ef7eeb59d0 JavaThread "Notification Thread"        daemon [_thread_blocked, id=14192, stack(0x00000071b9500000,0x00000071b9600000) (1024K)]
  0x000001ef7eebd9c0 JavaThread "Common-Cleaner"             daemon [_thread_blocked, id=17688, stack(0x00000071b9600000,0x00000071b9700000) (1024K)]
  0x000001ef5626a190 JavaThread "background-preinit"                [_thread_blocked, id=17740, stack(0x00000071b9a00000,0x00000071b9b00000) (1024K)]
Total: 12

Other Threads:
  0x000001ef7ebbc2e0 VMThread "VM Thread"                           [id=1600, stack(0x00000071b8c00000,0x00000071b8d00000) (1024K)] _threads_hazard_ptr=0x000001ef7f3a7f30
  0x000001ef7eba3880 WatcherThread "VM Periodic Task Thread"        [id=25240, stack(0x00000071b8b00000,0x00000071b8c00000) (1024K)]
  0x000001ef7516e050 WorkerThread "GC Thread#0"                     [id=13348, stack(0x00000071b8600000,0x00000071b8700000) (1024K)]
  0x000001ef7f9fddd0 WorkerThread "GC Thread#1"                     [id=5216, stack(0x00000071b9700000,0x00000071b9800000) (1024K)]
  0x000001ef7f4531c0 WorkerThread "GC Thread#2"                     [id=24680, stack(0x00000071b9800000,0x00000071b9900000) (1024K)]
  0x000001ef7f46d210 WorkerThread "GC Thread#3"                     [id=20472, stack(0x00000071b9900000,0x00000071b9a00000) (1024K)]
  0x000001ef75178590 ConcurrentGCThread "G1 Main Marker"            [id=25148, stack(0x00000071b8700000,0x00000071b8800000) (1024K)]
  0x000001ef751796c0 WorkerThread "G1 Conc#0"                       [id=20720, stack(0x00000071b8800000,0x00000071b8900000) (1024K)]
  0x000001ef751c8350 ConcurrentGCThread "G1 Refine#0"               [id=24068, stack(0x00000071b8900000,0x00000071b8a00000) (1024K)]
  0x000001ef751c8dd0 ConcurrentGCThread "G1 Service"                [id=7232, stack(0x00000071b8a00000,0x00000071b8b00000) (1024K)]
Total: 10

Threads with active compile tasks:
C2 CompilerThread0    10429 1643       4       jdk.internal.loader.URLClassPath::getResource (74 bytes)
C1 CompilerThread0    10429 1786       3       jdk.internal.org.objectweb.asm.ClassVisitor::<init> (78 bytes)
Total: 2

VM state: not at safepoint (normal execution)

VM Mutex/Monitor currently owned by a thread:  ([mutex/lock_event])
[0x00007ffb09795e18] Metaspace_lock - owner thread: 0x000001ef72f85640

Heap address: 0x00000000c4e00000, size: 946 MB, Compressed Oops mode: 32-bit

CDS archive(s) mapped at: [0x000001ef11000000-0x000001ef11c90000-0x000001ef11c90000), size 13172736, SharedBaseAddress: 0x000001ef11000000, ArchiveRelocationMode: 1.
Compressed class space mapped at: 0x000001ef12000000-0x000001ef52000000, reserved size: 1073741824
Narrow klass base: 0x000001ef11000000, Narrow klass shift: 0, Narrow klass range: 0x100000000

GC Precious Log:
 CardTable entry size: 512
 Card Set container configuration: InlinePtr #cards 5 size 8 Array Of Cards #cards 12 size 40 Howl #buckets 4 coarsen threshold 1843 Howl Bitmap #cards 512 size 80 coarsen threshold 460 Card regions per heap region 1 cards per card region 2048
 CPUs: 4 total, 4 available
 Memory: 3782M
 Large Page Support: Disabled
 NUMA Support: Disabled
 Compressed Oops: Enabled (32-bit)
 Heap Region Size: 1M
 Heap Min Capacity: 8M
 Heap Initial Capacity: 60M
 Heap Max Capacity: 946M
 Pre-touch: Disabled
 Parallel Workers: 4
 Concurrent Workers: 1
 Concurrent Refinement Workers: 4
 Periodic GC: Disabled

Heap:
 garbage-first heap   total 61440K, used 21679K [0x00000000c4e00000, 0x0000000100000000)
  region size 1024K, 17 young (17408K), 2 survivors (2048K)
 Metaspace       used 11445K, committed 11648K, reserved 1114112K
  class space    used 1358K, committed 1472K, reserved 1048576K

Heap Regions: E=young(eden), S=young(survivor), O=old, HS=humongous(starts), HC=humongous(continues), CS=collection set, F=free, TAMS=top-at-mark-start, PB=parsable bottom
|   0|0x00000000c4e00000, 0x00000000c4f00000, 0x00000000c4f00000|100%|HS|  |TAMS 0x00000000c4e00000| PB 0x00000000c4e00000| Complete 
|   1|0x00000000c4f00000, 0x00000000c5000000, 0x00000000c5000000|100%| O|  |TAMS 0x00000000c4f00000| PB 0x00000000c4f00000| Untracked 
|   2|0x00000000c5000000, 0x00000000c5100000, 0x00000000c5100000|100%| O|  |TAMS 0x00000000c5000000| PB 0x00000000c5000000| Untracked 
|   3|0x00000000c5100000, 0x00000000c5200000, 0x00000000c5200000|100%| O|  |TAMS 0x00000000c5100000| PB 0x00000000c5100000| Untracked 
|   4|0x00000000c5200000, 0x00000000c5300000, 0x00000000c5300000|100%| O|  |TAMS 0x00000000c5200000| PB 0x00000000c5200000| Untracked 
|   5|0x00000000c5300000, 0x00000000c53d8e38, 0x00000000c5400000| 84%| O|  |TAMS 0x00000000c5300000| PB 0x00000000c5300000| Untracked 
|   6|0x00000000c5400000, 0x00000000c5400000, 0x00000000c5500000|  0%| F|  |TAMS 0x00000000c5400000| PB 0x00000000c5400000| Untracked 
|   7|0x00000000c5500000, 0x00000000c5500000, 0x00000000c5600000|  0%| F|  |TAMS 0x00000000c5500000| PB 0x00000000c5500000| Untracked 
|   8|0x00000000c5600000, 0x00000000c5600000, 0x00000000c5700000|  0%| F|  |TAMS 0x00000000c5600000| PB 0x00000000c5600000| Untracked 
|   9|0x00000000c5700000, 0x00000000c5700000, 0x00000000c5800000|  0%| F|  |TAMS 0x00000000c5700000| PB 0x00000000c5700000| Untracked 
|  10|0x00000000c5800000, 0x00000000c5800000, 0x00000000c5900000|  0%| F|  |TAMS 0x00000000c5800000| PB 0x00000000c5800000| Untracked 
|  11|0x00000000c5900000, 0x00000000c5900000, 0x00000000c5a00000|  0%| F|  |TAMS 0x00000000c5900000| PB 0x00000000c5900000| Untracked 
|  12|0x00000000c5a00000, 0x00000000c5a00000, 0x00000000c5b00000|  0%| F|  |TAMS 0x00000000c5a00000| PB 0x00000000c5a00000| Untracked 
|  13|0x00000000c5b00000, 0x00000000c5b00000, 0x00000000c5c00000|  0%| F|  |TAMS 0x00000000c5b00000| PB 0x00000000c5b00000| Untracked 
|  14|0x00000000c5c00000, 0x00000000c5c00000, 0x00000000c5d00000|  0%| F|  |TAMS 0x00000000c5c00000| PB 0x00000000c5c00000| Untracked 
|  15|0x00000000c5d00000, 0x00000000c5d00000, 0x00000000c5e00000|  0%| F|  |TAMS 0x00000000c5d00000| PB 0x00000000c5d00000| Untracked 
|  16|0x00000000c5e00000, 0x00000000c5e00000, 0x00000000c5f00000|  0%| F|  |TAMS 0x00000000c5e00000| PB 0x00000000c5e00000| Untracked 
|  17|0x00000000c5f00000, 0x00000000c5f00000, 0x00000000c6000000|  0%| F|  |TAMS 0x00000000c5f00000| PB 0x00000000c5f00000| Untracked 
|  18|0x00000000c6000000, 0x00000000c6000000, 0x00000000c6100000|  0%| F|  |TAMS 0x00000000c6000000| PB 0x00000000c6000000| Untracked 
|  19|0x00000000c6100000, 0x00000000c6100000, 0x00000000c6200000|  0%| F|  |TAMS 0x00000000c6100000| PB 0x00000000c6100000| Untracked 
|  20|0x00000000c6200000, 0x00000000c6200000, 0x00000000c6300000|  0%| F|  |TAMS 0x00000000c6200000| PB 0x00000000c6200000| Untracked 
|  21|0x00000000c6300000, 0x00000000c6300000, 0x00000000c6400000|  0%| F|  |TAMS 0x00000000c6300000| PB 0x00000000c6300000| Untracked 
|  22|0x00000000c6400000, 0x00000000c6400000, 0x00000000c6500000|  0%| F|  |TAMS 0x00000000c6400000| PB 0x00000000c6400000| Untracked 
|  23|0x00000000c6500000, 0x00000000c6500000, 0x00000000c6600000|  0%| F|  |TAMS 0x00000000c6500000| PB 0x00000000c6500000| Untracked 
|  24|0x00000000c6600000, 0x00000000c6600000, 0x00000000c6700000|  0%| F|  |TAMS 0x00000000c6600000| PB 0x00000000c6600000| Untracked 
|  25|0x00000000c6700000, 0x00000000c6700000, 0x00000000c6800000|  0%| F|  |TAMS 0x00000000c6700000| PB 0x00000000c6700000| Untracked 
|  26|0x00000000c6800000, 0x00000000c6800000, 0x00000000c6900000|  0%| F|  |TAMS 0x00000000c6800000| PB 0x00000000c6800000| Untracked 
|  27|0x00000000c6900000, 0x00000000c6900000, 0x00000000c6a00000|  0%| F|  |TAMS 0x00000000c6900000| PB 0x00000000c6900000| Untracked 
|  28|0x00000000c6a00000, 0x00000000c6a00000, 0x00000000c6b00000|  0%| F|  |TAMS 0x00000000c6a00000| PB 0x00000000c6a00000| Untracked 
|  29|0x00000000c6b00000, 0x00000000c6b00000, 0x00000000c6c00000|  0%| F|  |TAMS 0x00000000c6b00000| PB 0x00000000c6b00000| Untracked 
|  30|0x00000000c6c00000, 0x00000000c6c00000, 0x00000000c6d00000|  0%| F|  |TAMS 0x00000000c6c00000| PB 0x00000000c6c00000| Untracked 
|  31|0x00000000c6d00000, 0x00000000c6d00000, 0x00000000c6e00000|  0%| F|  |TAMS 0x00000000c6d00000| PB 0x00000000c6d00000| Untracked 
|  32|0x00000000c6e00000, 0x00000000c6e00000, 0x00000000c6f00000|  0%| F|  |TAMS 0x00000000c6e00000| PB 0x00000000c6e00000| Untracked 
|  33|0x00000000c6f00000, 0x00000000c6f00000, 0x00000000c7000000|  0%| F|  |TAMS 0x00000000c6f00000| PB 0x00000000c6f00000| Untracked 
|  34|0x00000000c7000000, 0x00000000c7000000, 0x00000000c7100000|  0%| F|  |TAMS 0x00000000c7000000| PB 0x00000000c7000000| Untracked 
|  35|0x00000000c7100000, 0x00000000c7100000, 0x00000000c7200000|  0%| F|  |TAMS 0x00000000c7100000| PB 0x00000000c7100000| Untracked 
|  36|0x00000000c7200000, 0x00000000c7200000, 0x00000000c7300000|  0%| F|  |TAMS 0x00000000c7200000| PB 0x00000000c7200000| Untracked 
|  37|0x00000000c7300000, 0x00000000c7300000, 0x00000000c7400000|  0%| F|  |TAMS 0x00000000c7300000| PB 0x00000000c7300000| Untracked 
|  38|0x00000000c7400000, 0x00000000c7400000, 0x00000000c7500000|  0%| F|  |TAMS 0x00000000c7400000| PB 0x00000000c7400000| Untracked 
|  39|0x00000000c7500000, 0x00000000c7500000, 0x00000000c7600000|  0%| F|  |TAMS 0x00000000c7500000| PB 0x00000000c7500000| Untracked 
|  40|0x00000000c7600000, 0x00000000c7600000, 0x00000000c7700000|  0%| F|  |TAMS 0x00000000c7600000| PB 0x00000000c7600000| Untracked 
|  41|0x00000000c7700000, 0x00000000c7700000, 0x00000000c7800000|  0%| F|  |TAMS 0x00000000c7700000| PB 0x00000000c7700000| Untracked 
|  42|0x00000000c7800000, 0x00000000c7800000, 0x00000000c7900000|  0%| F|  |TAMS 0x00000000c7800000| PB 0x00000000c7800000| Untracked 
|  43|0x00000000c7900000, 0x00000000c7952e60, 0x00000000c7a00000| 32%| S|CS|TAMS 0x00000000c7900000| PB 0x00000000c7900000| Complete 
|  44|0x00000000c7a00000, 0x00000000c7b00000, 0x00000000c7b00000|100%| S|CS|TAMS 0x00000000c7a00000| PB 0x00000000c7a00000| Complete 
|  45|0x00000000c7b00000, 0x00000000c7b9fcf8, 0x00000000c7c00000| 62%| E|  |TAMS 0x00000000c7b00000| PB 0x00000000c7b00000| Complete 
|  46|0x00000000c7c00000, 0x00000000c7d00000, 0x00000000c7d00000|100%| E|CS|TAMS 0x00000000c7c00000| PB 0x00000000c7c00000| Complete 
|  47|0x00000000c7d00000, 0x00000000c7e00000, 0x00000000c7e00000|100%| E|CS|TAMS 0x00000000c7d00000| PB 0x00000000c7d00000| Complete 
|  48|0x00000000c7e00000, 0x00000000c7f00000, 0x00000000c7f00000|100%| E|CS|TAMS 0x00000000c7e00000| PB 0x00000000c7e00000| Complete 
|  49|0x00000000c7f00000, 0x00000000c8000000, 0x00000000c8000000|100%| E|CS|TAMS 0x00000000c7f00000| PB 0x00000000c7f00000| Complete 
|  50|0x00000000c8000000, 0x00000000c8100000, 0x00000000c8100000|100%| E|CS|TAMS 0x00000000c8000000| PB 0x00000000c8000000| Complete 
|  51|0x00000000c8100000, 0x00000000c8200000, 0x00000000c8200000|100%| E|CS|TAMS 0x00000000c8100000| PB 0x00000000c8100000| Complete 
|  52|0x00000000c8200000, 0x00000000c8300000, 0x00000000c8300000|100%| E|CS|TAMS 0x00000000c8200000| PB 0x00000000c8200000| Complete 
|  53|0x00000000c8300000, 0x00000000c8400000, 0x00000000c8400000|100%| E|CS|TAMS 0x00000000c8300000| PB 0x00000000c8300000| Complete 
|  54|0x00000000c8400000, 0x00000000c8500000, 0x00000000c8500000|100%| E|CS|TAMS 0x00000000c8400000| PB 0x00000000c8400000| Complete 
|  55|0x00000000c8500000, 0x00000000c8600000, 0x00000000c8600000|100%| E|CS|TAMS 0x00000000c8500000| PB 0x00000000c8500000| Complete 
|  56|0x00000000c8600000, 0x00000000c8700000, 0x00000000c8700000|100%| E|CS|TAMS 0x00000000c8600000| PB 0x00000000c8600000| Complete 
|  57|0x00000000c8700000, 0x00000000c8800000, 0x00000000c8800000|100%| E|CS|TAMS 0x00000000c8700000| PB 0x00000000c8700000| Complete 
|  58|0x00000000c8800000, 0x00000000c8900000, 0x00000000c8900000|100%| E|CS|TAMS 0x00000000c8800000| PB 0x00000000c8800000| Complete 
|  59|0x00000000c8900000, 0x00000000c8a00000, 0x00000000c8a00000|100%| E|CS|TAMS 0x00000000c8900000| PB 0x00000000c8900000| Complete 

Card table byte_map: [0x000001ef7d580000,0x000001ef7d760000] _byte_map_base: 0x000001ef7cf59000

Marking Bits: (CMBitMap*) 0x000001ef7516e660
 Bits: [0x000001ef7d760000, 0x000001ef7e628000)

Polling page: 0x000001ef72ed0000

Metaspace:

Usage:
  Non-class:      9.85 MB used.
      Class:      1.33 MB used.
       Both:     11.18 MB used.

Virtual space:
  Non-class space:       64.00 MB reserved,       9.94 MB ( 16%) committed,  1 nodes.
      Class space:        1.00 GB reserved,       1.44 MB ( <1%) committed,  1 nodes.
             Both:        1.06 GB reserved,      11.38 MB (  1%) committed. 

Chunk freelists:
   Non-Class:  5.61 MB
       Class:  14.58 MB
        Both:  20.19 MB

MaxMetaspaceSize: unlimited
CompressedClassSpaceSize: 1.00 GB
Initial GC threshold: 21.00 MB
Current GC threshold: 21.00 MB
CDS: on
 - commit_granule_bytes: 65536.
 - commit_granule_words: 8192.
 - virtual_space_node_default_size: 8388608.
 - enlarge_chunks_in_place: 1.
 - use_allocation_guard: 0.


Internal statistics:

num_allocs_failed_limit: 0.
num_arena_births: 234.
num_arena_deaths: 0.
num_vsnodes_births: 2.
num_vsnodes_deaths: 0.
num_space_committed: 182.
num_space_uncommitted: 0.
num_chunks_returned_to_freelist: 0.
num_chunks_taken_from_freelist: 631.
num_chunk_merges: 0.
num_chunk_splits: 388.
num_chunks_enlarged: 245.
num_inconsistent_stats: 0.

CodeHeap 'non-profiled nmethods': size=120000Kb used=599Kb max_used=599Kb free=119400Kb
 bounds [0x000001ef07ad0000, 0x000001ef07d40000, 0x000001ef0f000000]
CodeHeap 'profiled nmethods': size=120000Kb used=3291Kb max_used=3291Kb free=116708Kb
 bounds [0x000001ef00000000, 0x000001ef00340000, 0x000001ef07530000]
CodeHeap 'non-nmethods': size=5760Kb used=1393Kb max_used=1404Kb free=4366Kb
 bounds [0x000001ef07530000, 0x000001ef077a0000, 0x000001ef07ad0000]
 total_blobs=2272 nmethods=1781 adapters=395
 compilation: enabled
              stopped_count=0, restarted_count=0
 full_count=0

Compilation events (20 events):
Event: 10.340 Thread 0x000001ef7ec195b0 nmethod 1721 0x000001ef002f4690 code [0x000001ef002f4840, 0x000001ef002f4a78]
Event: 10.340 Thread 0x000001ef7ec195b0 1714       3       sun.util.locale.StringTokenIterator::next (74 bytes)
Event: 10.341 Thread 0x000001ef7ec195b0 nmethod 1714 0x000001ef002f4b10 code [0x000001ef002f4d00, 0x000001ef002f5158]
Event: 10.341 Thread 0x000001ef7ec195b0 1715       3       sun.util.locale.StringTokenIterator::hasNext (20 bytes)
Event: 10.341 Thread 0x000001ef7ec195b0 nmethod 1715 0x000001ef002f5310 code [0x000001ef002f54c0, 0x000001ef002f5720]
Event: 10.341 Thread 0x000001ef7ec195b0 1723       3       sun.util.locale.BaseLocale$Key::hashCode (178 bytes)
Event: 10.344 Thread 0x000001ef7ec195b0 nmethod 1723 0x000001ef002f5890 code [0x000001ef002f5c80, 0x000001ef002f7bd8]
Event: 10.344 Thread 0x000001ef7ec195b0 1724       3       sun.util.locale.BaseLocale$Key::normalize (67 bytes)
Event: 10.345 Thread 0x000001ef7ec195b0 nmethod 1724 0x000001ef002f8890 code [0x000001ef002f8a40, 0x000001ef002f8cc0]
Event: 10.345 Thread 0x000001ef7ec195b0 1725       3       sun.util.locale.LocaleObjectCache$CacheEntry::<init> (12 bytes)
Event: 10.345 Thread 0x000001ef7ec195b0 nmethod 1725 0x000001ef002f8e10 code [0x000001ef002f8fc0, 0x000001ef002f9360]
Event: 10.345 Thread 0x000001ef7ec195b0 1717       3       sun.util.locale.InternalLocaleBuilder::clearExtensions (50 bytes)
Event: 10.345 Thread 0x000001ef7ec195b0 nmethod 1717 0x000001ef002f9490 code [0x000001ef002f9660, 0x000001ef002f9a88]
Event: 10.346 Thread 0x000001ef7ec195b0 1716       3       sun.util.locale.BaseLocale::<init> (76 bytes)
Event: 10.346 Thread 0x000001ef7ec195b0 nmethod 1716 0x000001ef002f9b90 code [0x000001ef002f9dc0, 0x000001ef002fa3e8]
Event: 10.346 Thread 0x000001ef7ec195b0 1719       3       sun.util.locale.BaseLocale$Key::<init> (76 bytes)
Event: 10.347 Thread 0x000001ef7ec195b0 nmethod 1719 0x000001ef002fa610 code [0x000001ef002fa820, 0x000001ef002faee0]
Event: 10.347 Thread 0x000001ef7ec195b0 1720       3       sun.util.locale.LocaleObjectCache::get (126 bytes)
Event: 10.348 Thread 0x000001ef7ec195b0 nmethod 1720 0x000001ef002fb110 code [0x000001ef002fb3e0, 0x000001ef002fc5a8]
Event: 10.348 Thread 0x000001ef7ec195b0 1722       3       sun.util.locale.LocaleObjectCache::cleanStaleEntries (34 bytes)

GC Heap History (4 events):
Event: 9.193 GC heap before
{Heap before GC invocations=0 (full 0):
 garbage-first heap   total 61440K, used 13312K [0x00000000c4e00000, 0x0000000100000000)
  region size 1024K, 13 young (13312K), 0 survivors (0K)
 Metaspace       used 3653K, committed 3776K, reserved 1114112K
  class space    used 384K, committed 448K, reserved 1048576K
}
Event: 9.203 GC heap after
{Heap after GC invocations=1 (full 0):
 garbage-first heap   total 61440K, used 5858K [0x00000000c4e00000, 0x0000000100000000)
  region size 1024K, 2 young (2048K), 2 survivors (2048K)
 Metaspace       used 3653K, committed 3776K, reserved 1114112K
  class space    used 384K, committed 448K, reserved 1048576K
}
Event: 9.817 GC heap before
{Heap before GC invocations=1 (full 0):
 garbage-first heap   total 61440K, used 18146K [0x00000000c4e00000, 0x0000000100000000)
  region size 1024K, 15 young (15360K), 2 survivors (2048K)
 Metaspace       used 7232K, committed 7552K, reserved 1114112K
  class space    used 869K, committed 1024K, reserved 1048576K
}
Event: 9.825 GC heap after
{Heap after GC invocations=2 (full 0):
 garbage-first heap   total 61440K, used 7343K [0x00000000c4e00000, 0x0000000100000000)
  region size 1024K, 2 young (2048K), 2 survivors (2048K)
 Metaspace       used 7232K, committed 7552K, reserved 1114112K
  class space    used 869K, committed 1024K, reserved 1048576K
}

Dll operation events (6 events):
Event: 0.294 Loaded shared library C:\vicasinst\jdk-21\bin\java.dll
Event: 0.553 Loaded shared library C:\vicasinst\jdk-21\bin\jsvml.dll
Event: 1.057 Loaded shared library C:\vicasinst\jdk-21\bin\net.dll
Event: 1.086 Loaded shared library C:\vicasinst\jdk-21\bin\nio.dll
Event: 1.592 Loaded shared library C:\vicasinst\jdk-21\bin\zip.dll
Event: 8.610 Loaded shared library C:\vicasinst\jdk-21\bin\jimage.dll

Deoptimization events (20 events):
Event: 9.802 Thread 0x000001ef72f85640 Uncommon trap: trap_request=0xffffffc6 fr.pc=0x000001ef07b47a38 relative=0x0000000000000338
Event: 9.802 Thread 0x000001ef72f85640 Uncommon trap: reason=bimorphic_or_optimized_type_check action=maybe_recompile pc=0x000001ef07b47a38 method=java.util.HashMap.getNode(Ljava/lang/Object;)Ljava/util/HashMap$Node; @ 63 c2
Event: 9.802 Thread 0x000001ef72f85640 DEOPT PACKING pc=0x000001ef07b47a38 sp=0x00000071b84fe850
Event: 9.802 Thread 0x000001ef72f85640 DEOPT UNPACKING pc=0x000001ef075846a2 sp=0x00000071b84fe7b8 mode 2
Event: 9.826 Thread 0x000001ef7ebd9f40 Uncommon trap: trap_request=0xffffff45 fr.pc=0x000001ef07b41efc relative=0x000000000000023c
Event: 9.826 Thread 0x000001ef7ebd9f40 Uncommon trap: reason=unstable_if action=reinterpret pc=0x000001ef07b41efc method=java.util.concurrent.locks.ReentrantLock$Sync.lock()V @ 4 c2
Event: 9.826 Thread 0x000001ef7ebd9f40 DEOPT PACKING pc=0x000001ef07b41efc sp=0x00000071b8dff400
Event: 9.826 Thread 0x000001ef7ebd9f40 DEOPT UNPACKING pc=0x000001ef075846a2 sp=0x00000071b8dff360 mode 2
Event: 9.881 Thread 0x000001ef72f85640 Uncommon trap: trap_request=0xffffff45 fr.pc=0x000001ef07b16318 relative=0x0000000000000d78
Event: 9.881 Thread 0x000001ef72f85640 Uncommon trap: reason=unstable_if action=reinterpret pc=0x000001ef07b16318 method=java.util.jar.JarFile.getEntry(Ljava/lang/String;)Ljava/util/zip/ZipEntry; @ 15 c2
Event: 9.881 Thread 0x000001ef72f85640 DEOPT PACKING pc=0x000001ef07b16318 sp=0x00000071b84fd790
Event: 9.881 Thread 0x000001ef72f85640 DEOPT UNPACKING pc=0x000001ef075846a2 sp=0x00000071b84fd6b8 mode 2
Event: 9.882 Thread 0x000001ef72f85640 Uncommon trap: trap_request=0xffffff45 fr.pc=0x000001ef07b18a70 relative=0x0000000000000c30
Event: 9.882 Thread 0x000001ef72f85640 Uncommon trap: reason=unstable_if action=reinterpret pc=0x000001ef07b18a70 method=java.util.jar.JarFile.getEntry(Ljava/lang/String;)Ljava/util/zip/ZipEntry; @ 15 c2
Event: 9.882 Thread 0x000001ef72f85640 DEOPT PACKING pc=0x000001ef07b18a70 sp=0x00000071b84fcf20
Event: 9.882 Thread 0x000001ef72f85640 DEOPT UNPACKING pc=0x000001ef075846a2 sp=0x00000071b84fcf28 mode 2
Event: 10.297 Thread 0x000001ef72f85640 Uncommon trap: trap_request=0xffffff45 fr.pc=0x000001ef07b2e57c relative=0x000000000000061c
Event: 10.298 Thread 0x000001ef72f85640 Uncommon trap: reason=unstable_if action=reinterpret pc=0x000001ef07b2e57c method=java.lang.Integer.getChars(II[B)I @ 25 c2
Event: 10.298 Thread 0x000001ef72f85640 DEOPT PACKING pc=0x000001ef07b2e57c sp=0x00000071b84fe560
Event: 10.298 Thread 0x000001ef72f85640 DEOPT UNPACKING pc=0x000001ef075846a2 sp=0x00000071b84fe4a8 mode 2

Classes loaded (20 events):
Event: 10.284 Loading class java/util/concurrent/Callable
Event: 10.285 Loading class java/util/concurrent/Callable done
Event: 10.286 Loading class java/util/concurrent/atomic/AtomicLongArray
Event: 10.287 Loading class java/util/concurrent/atomic/AtomicLongArray done
Event: 10.288 Loading class java/lang/invoke/VarHandleLongs$Array
Event: 10.288 Loading class java/lang/invoke/VarHandleLongs$Array done
Event: 10.288 Loading class java/util/concurrent/atomic/AtomicReferenceArray
Event: 10.289 Loading class java/util/concurrent/atomic/AtomicReferenceArray done
Event: 10.289 Loading class java/lang/invoke/VarHandleReferences$Array
Event: 10.290 Loading class java/lang/invoke/VarHandleReferences$Array done
Event: 10.290 Loading class java/lang/StackTraceElement$HashedModules
Event: 10.290 Loading class java/lang/StackTraceElement$HashedModules done
Event: 10.296 Loading class java/time/temporal/TemporalAdjusters
Event: 10.296 Loading class java/time/temporal/TemporalAdjusters done
Event: 10.297 Loading class java/time/ZonedDateTime$1
Event: 10.297 Loading class java/time/ZonedDateTime$1 done
Event: 10.326 Loading class org/xml/sax/ErrorHandler
Event: 10.326 Loading class org/xml/sax/ErrorHandler done
Event: 10.327 Loading class org/xml/sax/SAXParseException
Event: 10.328 Loading class org/xml/sax/SAXParseException done

Classes unloaded (0 events):
No events

Classes redefined (0 events):
No events

Internal exceptions (20 events):
Event: 9.652 Thread 0x000001ef72f85640 Exception <a 'java/lang/NoSuchMethodError'{0x00000000c7f77ba8}: 'void java.lang.invoke.DirectMethodHandle$Holder.invokeSpecial(java.lang.Object, java.lang.Object, java.lang.Object, java.lang.Object, java.lang.Object)'> (0x00000000c7f77ba8) 
thrown [s\open\src\hotspot\share\interpreter\linkResolver.cpp, line 773]
Event: 9.684 Thread 0x000001ef72f85640 Exception <a 'java/lang/NoSuchMethodError'{0x00000000c7fbcfd8}: 'int java.lang.invoke.DirectMethodHandle$Holder.invokeVirtual(java.lang.Object, java.lang.Object)'> (0x00000000c7fbcfd8) 
thrown [s\open\src\hotspot\share\interpreter\linkResolver.cpp, line 773]
Event: 9.726 Thread 0x000001ef72f85640 Exception <a 'java/lang/NoSuchMethodError'{0x00000000c7e51fc0}: 'java.lang.Object java.lang.invoke.DirectMethodHandle$Holder.invokeSpecial(java.lang.Object, java.lang.Object, java.lang.Object, int, java.lang.Object)'> (0x00000000c7e51fc0) 
thrown [s\open\src\hotspot\share\interpreter\linkResolver.cpp, line 773]
Event: 9.727 Thread 0x000001ef72f85640 Exception <a 'java/lang/NoSuchMethodError'{0x00000000c7e598b0}: 'java.lang.Object java.lang.invoke.DirectMethodHandle$Holder.newInvokeSpecial(java.lang.Object, java.lang.Object, java.lang.Object, int, java.lang.Object)'> (0x00000000c7e598b0) 
thrown [s\open\src\hotspot\share\interpreter\linkResolver.cpp, line 773]
Event: 9.728 Thread 0x000001ef72f85640 Exception <a 'java/lang/NoSuchMethodError'{0x00000000c7e60d68}: 'java.lang.Object java.lang.invoke.Invokers$Holder.linkToTargetMethod(java.lang.Object, java.lang.Object, int, java.lang.Object, java.lang.Object)'> (0x00000000c7e60d68) 
thrown [s\open\src\hotspot\share\interpreter\linkResolver.cpp, line 773]
Event: 9.732 Thread 0x000001ef72f85640 Exception <a 'java/lang/NoSuchMethodError'{0x00000000c7e6e428}: 'java.lang.Object java.lang.invoke.DirectMethodHandle$Holder.newInvokeSpecial(java.lang.Object, int, java.lang.Object)'> (0x00000000c7e6e428) 
thrown [s\open\src\hotspot\share\interpreter\linkResolver.cpp, line 773]
Event: 9.732 Thread 0x000001ef72f85640 Exception <a 'java/lang/NoSuchMethodError'{0x00000000c7e732c8}: 'int java.lang.invoke.DirectMethodHandle$Holder.invokeSpecialIFC(java.lang.Object, java.lang.Object, java.lang.Object, java.lang.Object)'> (0x00000000c7e732c8) 
thrown [s\open\src\hotspot\share\interpreter\linkResolver.cpp, line 773]
Event: 9.776 Thread 0x000001ef72f85640 Exception <a 'java/lang/NoSuchMethodError'{0x00000000c7d49418}: 'void java.lang.invoke.DirectMethodHandle$Holder.invokeInterface(java.lang.Object, java.lang.Object, java.lang.Object)'> (0x00000000c7d49418) 
thrown [s\open\src\hotspot\share\interpreter\linkResolver.cpp, line 773]
Event: 9.816 Thread 0x000001ef72f85640 Exception <a 'java/lang/NoSuchMethodError'{0x00000000c7dd13e8}: 'void java.lang.invoke.DirectMethodHandle$Holder.invokeStaticInit(java.lang.Object, java.lang.Object, java.lang.Object)'> (0x00000000c7dd13e8) 
thrown [s\open\src\hotspot\share\interpreter\linkResolver.cpp, line 773]
Event: 9.838 Thread 0x000001ef72f85640 Exception <a 'java/lang/NoSuchMethodError'{0x00000000c895ab90}: 'java.lang.Object java.lang.invoke.DirectMethodHandle$Holder.invokeVirtual(java.lang.Object, java.lang.Object, java.lang.Object)'> (0x00000000c895ab90) 
thrown [s\open\src\hotspot\share\interpreter\linkResolver.cpp, line 773]
Event: 9.846 Thread 0x000001ef72f85640 Exception <a 'java/lang/NoSuchMethodError'{0x00000000c897bd28}: 'java.lang.Object java.lang.invoke.DirectMethodHandle$Holder.invokeStatic(java.lang.Object, long, java.lang.Object)'> (0x00000000c897bd28) 
thrown [s\open\src\hotspot\share\interpreter\linkResolver.cpp, line 773]
Event: 9.846 Thread 0x000001ef72f85640 Exception <a 'java/lang/NoSuchMethodError'{0x00000000c897f380}: 'java.lang.Object java.lang.invoke.DirectMethodHandle$Holder.invokeStaticInit(java.lang.Object, long, java.lang.Object)'> (0x00000000c897f380) 
thrown [s\open\src\hotspot\share\interpreter\linkResolver.cpp, line 773]
Event: 9.846 Thread 0x000001ef72f85640 Exception <a 'java/lang/NoSuchMethodError'{0x00000000c8984db8}: 'java.lang.Object java.lang.invoke.DirectMethodHandle$Holder.newInvokeSpecial(java.lang.Object, long)'> (0x00000000c8984db8) 
thrown [s\open\src\hotspot\share\interpreter\linkResolver.cpp, line 773]
Event: 9.886 Thread 0x000001ef72f85640 Exception <a 'java/lang/NoSuchMethodError'{0x00000000c89f97e0}: 'void java.lang.invoke.DirectMethodHandle$Holder.invokeVirtual(java.lang.Object, java.lang.Object, java.lang.Object, java.lang.Object)'> (0x00000000c89f97e0) 
thrown [s\open\src\hotspot\share\interpreter\linkResolver.cpp, line 773]
Event: 10.005 Thread 0x000001ef72f85640 Exception <a 'java/lang/NoSuchMethodError'{0x00000000c87360a8}: 'void java.lang.invoke.DirectMethodHandle$Holder.invokeSpecial(java.lang.Object, java.lang.Object, java.lang.Object)'> (0x00000000c87360a8) 
thrown [s\open\src\hotspot\share\interpreter\linkResolver.cpp, line 773]
Event: 10.024 Thread 0x000001ef72f85640 Exception <a 'java/lang/IncompatibleClassChangeError'{0x00000000c8762668}: Found class java.lang.Object, but interface was expected> (0x00000000c8762668) 
thrown [s\open\src\hotspot\share\interpreter\linkResolver.cpp, line 840]
Event: 10.025 Thread 0x000001ef5626a190 Exception <a 'java/lang/NoClassDefFoundError'{0x00000000c8798bb8}: jakarta/validation/Validation> (0x00000000c8798bb8) 
thrown [s\open\src\hotspot\share\classfile\systemDictionary.cpp, line 301]
Event: 10.034 Thread 0x000001ef72f85640 Exception <a 'java/lang/NoSuchMethodError'{0x00000000c87774e0}: 'java.lang.Object java.lang.invoke.DirectMethodHandle$Holder.invokeStaticInit(java.lang.Object, int)'> (0x00000000c87774e0) 
thrown [s\open\src\hotspot\share\interpreter\linkResolver.cpp, line 773]
Event: 10.039 Thread 0x000001ef72f85640 Exception <a 'java/lang/NoSuchMethodError'{0x00000000c8781700}: 'java.lang.Object java.lang.invoke.DirectMethodHandle$Holder.invokeStatic(java.lang.Object, int, java.lang.Object)'> (0x00000000c8781700) 
thrown [s\open\src\hotspot\share\interpreter\linkResolver.cpp, line 773]
Event: 10.040 Thread 0x000001ef72f85640 Exception <a 'java/lang/NoSuchMethodError'{0x00000000c87e65c0}: 'java.lang.Object java.lang.invoke.DirectMethodHandle$Holder.invokeStaticInit(java.lang.Object, int, java.lang.Object)'> (0x00000000c87e65c0) 
thrown [s\open\src\hotspot\share\interpreter\linkResolver.cpp, line 773]

ZGC Phase Switch (0 events):
No events

VM Operations (20 events):
Event: 7.860 Executing VM operation: Cleanup
Event: 7.860 Executing VM operation: Cleanup done
Event: 8.623 Executing VM operation: HandshakeAllThreads (Deoptimize)
Event: 8.623 Executing VM operation: HandshakeAllThreads (Deoptimize) done
Event: 9.193 Executing VM operation: G1CollectForAllocation (G1 Evacuation Pause)
Event: 9.204 Executing VM operation: G1CollectForAllocation (G1 Evacuation Pause) done
Event: 9.228 Executing VM operation: HandshakeAllThreads (Deoptimize)
Event: 9.228 Executing VM operation: HandshakeAllThreads (Deoptimize) done
Event: 9.228 Executing VM operation: HandshakeAllThreads (Deoptimize)
Event: 9.228 Executing VM operation: HandshakeAllThreads (Deoptimize) done
Event: 9.378 Executing VM operation: HandshakeAllThreads (Deoptimize)
Event: 9.378 Executing VM operation: HandshakeAllThreads (Deoptimize) done
Event: 9.666 Executing VM operation: HandshakeAllThreads (Deoptimize)
Event: 9.666 Executing VM operation: HandshakeAllThreads (Deoptimize) done
Event: 9.817 Executing VM operation: G1CollectForAllocation (G1 Evacuation Pause)
Event: 9.826 Executing VM operation: G1CollectForAllocation (G1 Evacuation Pause) done
Event: 9.989 Executing VM operation: HandshakeAllThreads (Deoptimize)
Event: 9.989 Executing VM operation: HandshakeAllThreads (Deoptimize) done
Event: 9.998 Executing VM operation: HandshakeAllThreads (Deoptimize)
Event: 9.998 Executing VM operation: HandshakeAllThreads (Deoptimize) done

Events (12 events):
Event: 0.421 Thread 0x000001ef72f85640 Thread added: 0x000001ef72f85640
Event: 0.541 Thread 0x000001ef7ebd9f40 Thread added: 0x000001ef7ebd9f40
Event: 0.542 Thread 0x000001ef7ebe35d0 Thread added: 0x000001ef7ebe35d0
Event: 0.544 Thread 0x000001ef7ebe6190 Thread added: 0x000001ef7ebe6190
Event: 0.544 Thread 0x000001ef7ebe9c10 Thread added: 0x000001ef7ebe9c10
Event: 0.544 Thread 0x000001ef7ebebc00 Thread added: 0x000001ef7ebebc00
Event: 0.544 Thread 0x000001ef7ebec660 Thread added: 0x000001ef7ebec660
Event: 0.545 Thread 0x000001ef7ebed3f0 Thread added: 0x000001ef7ebed3f0
Event: 0.546 Thread 0x000001ef7ec195b0 Thread added: 0x000001ef7ec195b0
Event: 0.759 Thread 0x000001ef7eeb59d0 Thread added: 0x000001ef7eeb59d0
Event: 1.010 Thread 0x000001ef7eebd9c0 Thread added: 0x000001ef7eebd9c0
Event: 10.015 Thread 0x000001ef5626a190 Thread added: 0x000001ef5626a190


Dynamic libraries:
0x00007ff6370a0000 - 0x00007ff6370b0000 	C:\vicasinst\jdk-21\bin\javaw.exe
0x00007ffb57b10000 - 0x00007ffb57d08000 	C:\WINDOWS\SYSTEM32\ntdll.dll
0x00007ffb57950000 - 0x00007ffb57a12000 	C:\WINDOWS\System32\KERNEL32.DLL
0x00007ffb55650000 - 0x00007ffb5594f000 	C:\WINDOWS\System32\KERNELBASE.dll
0x00007ffb55470000 - 0x00007ffb55570000 	C:\WINDOWS\System32\ucrtbase.dll
0x00007ffb40640000 - 0x00007ffb40659000 	C:\vicasinst\jdk-21\bin\jli.dll
0x00007ffb57a20000 - 0x00007ffb57acf000 	C:\WINDOWS\System32\ADVAPI32.dll
0x00007ffb55b30000 - 0x00007ffb55bce000 	C:\WINDOWS\System32\msvcrt.dll
0x00007ffb572f0000 - 0x00007ffb5738f000 	C:\WINDOWS\System32\sechost.dll
0x00007ffb55c30000 - 0x00007ffb55d53000 	C:\WINDOWS\System32\RPCRT4.dll
0x00007ffb559a0000 - 0x00007ffb559c7000 	C:\WINDOWS\System32\bcrypt.dll
0x00007ffb55d90000 - 0x00007ffb55f2d000 	C:\WINDOWS\System32\USER32.dll
0x00007ffb55620000 - 0x00007ffb55642000 	C:\WINDOWS\System32\win32u.dll
0x00007ffb55d60000 - 0x00007ffb55d8b000 	C:\WINDOWS\System32\GDI32.dll
0x00007ffb551b0000 - 0x00007ffb552ca000 	C:\WINDOWS\System32\gdi32full.dll
0x00007ffb552d0000 - 0x00007ffb5536d000 	C:\WINDOWS\System32\msvcp_win.dll
0x00007ffb335e0000 - 0x00007ffb335fb000 	C:\vicasinst\jdk-21\bin\VCRUNTIME140.dll
0x00007ffb45300000 - 0x00007ffb4559a000 	C:\WINDOWS\WinSxS\amd64_microsoft.windows.common-controls_6595b64144ccf1df_6.0.19041.4355_none_60b8b9eb71f62e16\COMCTL32.dll
0x00007ffb4e470000 - 0x00007ffb4e47a000 	C:\WINDOWS\SYSTEM32\VERSION.dll
0x00007ffb56cd0000 - 0x00007ffb56cff000 	C:\WINDOWS\System32\IMM32.DLL
0x00007ffb3e300000 - 0x00007ffb3e462000 	C:\Program Files (x86)\Citrix\ICA Client\ctxapclient64.dll
0x00007ffb573a0000 - 0x00007ffb576f5000 	C:\WINDOWS\System32\combase.dll
0x00007ffb543e0000 - 0x00007ffb54413000 	C:\WINDOWS\SYSTEM32\ntmarta.dll
0x00007ffb55370000 - 0x00007ffb553f2000 	C:\WINDOWS\System32\bcryptprimitives.dll
0x00007ffb40630000 - 0x00007ffb4063c000 	C:\vicasinst\jdk-21\bin\vcruntime140_1.dll
0x00007ffb237f0000 - 0x00007ffb2387e000 	C:\vicasinst\jdk-21\bin\msvcp140.dll
0x00007ffb08b60000 - 0x00007ffb09873000 	C:\vicasinst\jdk-21\bin\server\jvm.dll
0x00007ffb57200000 - 0x00007ffb5726b000 	C:\WINDOWS\System32\WS2_32.dll
0x00007ffb55010000 - 0x00007ffb5505b000 	C:\WINDOWS\SYSTEM32\POWRPROF.dll
0x00007ffb4d3b0000 - 0x00007ffb4d3d7000 	C:\WINDOWS\SYSTEM32\WINMM.dll
0x00007ffb54ff0000 - 0x00007ffb55002000 	C:\WINDOWS\SYSTEM32\UMPDC.dll
0x00007ffb539d0000 - 0x00007ffb539e2000 	C:\WINDOWS\SYSTEM32\kernel.appcore.dll
0x00007ffb3d670000 - 0x00007ffb3d67a000 	C:\vicasinst\jdk-21\bin\jimage.dll
0x00007ffb518c0000 - 0x00007ffb51aa4000 	C:\WINDOWS\SYSTEM32\DBGHELP.DLL
0x00007ffb4b860000 - 0x00007ffb4b894000 	C:\WINDOWS\SYSTEM32\dbgcore.DLL
0x00007ffb33580000 - 0x00007ffb3359f000 	C:\vicasinst\jdk-21\bin\java.dll
0x00007ffb56550000 - 0x00007ffb56cbd000 	C:\WINDOWS\System32\SHELL32.dll
0x00007ffb53210000 - 0x00007ffb539b4000 	C:\WINDOWS\SYSTEM32\windows.storage.dll
0x00007ffb54b10000 - 0x00007ffb54b3b000 	C:\WINDOWS\SYSTEM32\Wldp.dll
0x000001ef7ec80000 - 0x000001ef7ed4d000 	C:\WINDOWS\System32\OLEAUT32.dll
0x000001ef7ed50000 - 0x000001ef7edfd000 	C:\WINDOWS\System32\SHCORE.dll
0x00007ffb564f0000 - 0x00007ffb56545000 	C:\WINDOWS\System32\shlwapi.dll
0x00007ffb550e0000 - 0x00007ffb55105000 	C:\WINDOWS\SYSTEM32\profapi.dll
0x00007ffb17fc0000 - 0x00007ffb18097000 	C:\vicasinst\jdk-21\bin\jsvml.dll
0x00007ffb334d0000 - 0x00007ffb334e0000 	C:\vicasinst\jdk-21\bin\net.dll
0x00007ffb4b3a0000 - 0x00007ffb4b4aa000 	C:\WINDOWS\SYSTEM32\WINHTTP.dll
0x00007ffb54870000 - 0x00007ffb548dc000 	C:\WINDOWS\system32\mswsock.dll
0x00007ffb321c0000 - 0x00007ffb321d6000 	C:\vicasinst\jdk-21\bin\nio.dll
0x00007ffb334e0000 - 0x00007ffb334f8000 	C:\vicasinst\jdk-21\bin\zip.dll

dbghelp: loaded successfully - version: 4.0.5 - missing functions: none
symbol engine: initialized successfully - sym options: 0x614 - pdb path: .;C:\vicasinst\jdk-21\bin;C:\WINDOWS\SYSTEM32;C:\WINDOWS\WinSxS\amd64_microsoft.windows.common-controls_6595b64144ccf1df_6.0.19041.4355_none_60b8b9eb71f62e16;C:\Program Files (x86)\Citrix\ICA Client;C:\vicasinst\jdk-21\bin\server

VM Arguments:
jvm_args: -Dfile.encoding=UTF-8 -Dstdout.encoding=UTF-8 -Dstderr.encoding=UTF-8 -XX:+ShowCodeDetailsInExceptionMessages 
java_command: com.vica.trips.TripsApplication
java_class_path (initial): C:\vicas\professional\tripsProject\service\trips\target\classes;C:\Users\user\.m2\repository\org\springframework\boot\spring-boot-starter-web\3.3.5\spring-boot-starter-web-3.3.5.jar;C:\Users\user\.m2\repository\org\springframework\boot\spring-boot-starter\3.3.5\spring-boot-starter-3.3.5.jar;C:\Users\user\.m2\repository\org\springframework\boot\spring-boot\3.3.5\spring-boot-3.3.5.jar;C:\Users\user\.m2\repository\org\springframework\boot\spring-boot-autoconfigure\3.3.5\spring-boot-autoconfigure-3.3.5.jar;C:\Users\user\.m2\repository\org\springframework\boot\spring-boot-starter-logging\3.3.5\spring-boot-starter-logging-3.3.5.jar;C:\Users\user\.m2\repository\ch\qos\logback\logback-classic\1.5.11\logback-classic-1.5.11.jar;C:\Users\user\.m2\repository\ch\qos\logback\logback-core\1.5.11\logback-core-1.5.11.jar;C:\Users\user\.m2\repository\org\apache\logging\log4j\log4j-to-slf4j\2.23.1\log4j-to-slf4j-2.23.1.jar;C:\Users\user\.m2\repository\org\apache\logging\log4j\log4j-api\2.23.1\log4j-api-2.23.1.jar;C:\Users\user\.m2\repository\org\slf4j\jul-to-slf4j\2.0.16\jul-to-slf4j-2.0.16.jar;C:\Users\user\.m2\repository\jakarta\annotation\jakarta.annotation-api\2.1.1\jakarta.annotation-api-2.1.1.jar;C:\Users\user\.m2\repository\org\yaml\snakeyaml\2.2\snakeyaml-2.2.jar;C:\Users\user\.m2\repository\org\springframework\boot\spring-boot-starter-json\3.3.5\spring-boot-starter-json-3.3.5.jar;C:\Users\user\.m2\repository\com\fasterxml\jackson\core\jackson-databind\2.17.2\jackson-databind-2.17.2.jar;C:\Users\user\.m2\repository\com\fasterxml\jackson\core\jackson-annotations\2.17.2\jackson-annotations-2.17.2.jar;C:\Users\user\.m2\repository\com\fasterxml\jackson\core\jackson-core\2.17.2\jackson-core-2.17.2.jar;C:\Users\user\.m2\repository\com\fasterxml\jackson\datatype\jackson-datatype-jdk8\2.17.2\jackson-datatype-jdk8-2.17.2.jar;C:\Users\user\.m2\repository\com\fasterxml\jackson\datatype\jackson-datatype-jsr310\2.17.2\jackson-datatype-jsr310-2.17.2.jar;C:\Users\user\.m2\repository\com\fasterxml\jackson\module\jackson-module-parameter-names\2.17.2\jackson-module-parameter-names-2.17.2.jar;C:\Users\user\.m2\repository\org\springframework\boot\spring-boot-starter-tomcat\3.3.5\spring-boot-starter-tomcat-3.3.5.jar;C:\Users\user\.m2\repository\org\apache\tomcat\embed\tomcat-embed-core\10.1.31\tomcat-embed-core-10.1.31.jar;C:\Users\user\.m2\repository\org\apache\tomcat\embed\tomcat-embed-el\10.1.31\tomcat-embed-el-10.1.31.jar;C:\Users\user\.m2\repository\org\apache\tomcat\embed\tomcat-embed-websocket\10.1.31\tomcat-embed-websocket-10.1.31.jar;C:\Users\user\.m2\repository\org\springframework\spring-web\6.1.14\spring-web-6.1.14.jar;C:\Users\user\.m2\repository\org\springframework\spring-beans\6.1.14\spring-beans-6.1.14.jar;C:\Users\user\.m2\repository\io\micrometer\micrometer-observation\1.13.6\micrometer-observation-1.13.6.jar;C:\Users\user\.m2\repository\io\micrometer\micrometer-commons\1.13.6\micrometer-commons-1.13.6.jar;C:\Users\user\.m2\repository\org\springframework\spring-webmvc\6.1.14\spring-webmvc-6.1.14.jar;C:\Users\user\.m2\repository\org\springframework\spring-aop\6.1.14\spring-aop-6.1.14.jar;C:\Users\user\.m2\repository\org\springframework\spring-context\6.1.14\spring-context-6.1.14.jar;C:\Users\user\.m2\repository\org\springframework\spring-expression\6.1.14\spring-expression-6.1.14.jar;C:\Users\user\.m2\repository\com\microsoft\sqlserver\mssql-jdbc\12.6.4.jre11\mssql-jdbc-12.6.4.jre11.jar;C:\Users\user\.m2\repository\org\springframework\boot\spring-boot-starter-data-jpa\3.3.5\spring-boot-starter-data-jpa-3.3.5.jar;C:\Users\user\.m2\repository\org\springframework\boot\spring-boot-starter-aop\3.3.5\spring-boot-starter-aop-3.3.5.jar;C:\Users\user\.m2\repository\org\aspectj\aspectjweaver\1.9.22.1\aspectjweaver-1.9.22.1.jar;C:\Users\user\.m2\repository\org\springframework\boot\spring-boot-starter-jdbc\3.3.5\spring-boot-starter-jdbc-3.3.5.jar;C:\Users\user\.m2\repository\com\zaxxer\HikariCP\5.1.0\HikariCP-5.1.0.jar;C:\Users\user\.m2\repository\org\springframework\spring-jdbc\6.1.14\spring-jdbc-6.1.14.jar;C:\Users\user\.m2\repository\org\hibernate\orm\hibernate-core\6.5.3.Final\hibernate-core-6.5.3.Final.jar;C:\Users\user\.m2\repository\jakarta\persistence\jakarta.persistence-api\3.1.0\jakarta.persistence-api-3.1.0.jar;C:\Users\user\.m2\repository\jakarta\transaction\jakarta.transaction-api\2.0.1\jakarta.transaction-api-2.0.1.jar;C:\Users\user\.m2\repository\org\jboss\logging\jboss-logging\3.5.3.Final\jboss-logging-3.5.3.Final.jar;C:\Users\user\.m2\repository\org\hibernate\common\hibernate-commons-annotations\6.0.6.Final\hibernate-commons-annotations-6.0.6.Final.jar;C:\Users\user\.m2\repository\io\smallrye\jandex\3.1.2\jandex-3.1.2.jar;C:\Users\user\.m2\repository\com\fasterxml\classmate\1.7.0\classmate-1.7.0.jar;C:\Users\user\.m2\repository\net\bytebuddy\byte-buddy\1.14.19\byte-buddy-1.14.19.jar;C:\Users\user\.m2\repository\org\glassfish\jaxb\jaxb-runtime\4.0.5\jaxb-runtime-4.0.5.jar;C:\Users\user\.m2\repository\org\glassfish\jaxb\jaxb-core\4.0.5\jaxb-core-4.0.5.jar;C:\Users\user\.m2\repository\org\eclipse\angus\angus-activation\2.0.2\angus-activation-2.0.2.jar;C:\Users\user\.m2\repository\org\glassfish\jaxb\txw2\4.0.5\txw2-4.0.5.jar;C:\Users\user\.m2\repository\com\sun\istack\istack-commons-runtime\4.1.2\istack-commons-runtime-4.1.2.jar;C:\Users\user\.m2\repository\jakarta\inject\jakarta.inject-api\2.0.1\jakarta.inject-api-2.0.1.jar;C:\Users\user\.m2\repository\org\antlr\antlr4-runtime\4.13.0\antlr4-runtime-4.13.0.jar;C:\Users\user\.m2\repository\org\springframework\data\spring-data-jpa\3.3.5\spring-data-jpa-3.3.5.jar;C:\Users\user\.m2\repository\org\springframework\data\spring-data-commons\3.3.5\spring-data-commons-3.3.5.jar;C:\Users\user\.m2\repository\org\springframework\spring-orm\6.1.14\spring-orm-6.1.14.jar;C:\Users\user\.m2\repository\org\springframework\spring-tx\6.1.14\spring-tx-6.1.14.jar;C:\Users\user\.m2\repository\org\slf4j\slf4j-api\2.0.16\slf4j-api-2.0.16.jar;C:\Users\user\.m2\repository\org\springframework\spring-aspects\6.1.14\spring-aspects-6.1.14.jar;C:\Users\user\.m2\repository\jakarta\xml\bind\jakarta.xml.bind-api\4.0.2\jakarta.xml.bind-api-4.0.2.jar;C:\Users\user\.m2\repository\jakarta\activation\jakarta.activation-api\2.1.3\jakarta.activation-api-2.1.3.jar;C:\Users\user\.m2\repository\org\springframework\spring-core\6.1.14\spring-core-6.1.14.jar;C:\Users\user\.m2\repository\org\springframework\spring-jcl\6.1.14\spring-jcl-6.1.14.jar
Launcher Type: SUN_STANDARD

[Global flags]
     intx CICompilerCount                          = 3                                         {product} {ergonomic}
     uint ConcGCThreads                            = 1                                         {product} {ergonomic}
     uint G1ConcRefinementThreads                  = 4                                         {product} {ergonomic}
   size_t G1HeapRegionSize                         = 1048576                                   {product} {ergonomic}
    uintx GCDrainStackTargetSize                   = 64                                        {product} {ergonomic}
   size_t InitialHeapSize                          = 62914560                                  {product} {ergonomic}
   size_t MarkStackSize                            = 4194304                                   {product} {ergonomic}
   size_t MaxHeapSize                              = 991952896                                 {product} {ergonomic}
   size_t MaxNewSize                               = 594542592                                 {product} {ergonomic}
   size_t MinHeapDeltaBytes                        = 1048576                                   {product} {ergonomic}
   size_t MinHeapSize                              = 8388608                                   {product} {ergonomic}
    uintx NonNMethodCodeHeapSize                   = 5832780                                {pd product} {ergonomic}
    uintx NonProfiledCodeHeapSize                  = 122912730                              {pd product} {ergonomic}
    uintx ProfiledCodeHeapSize                     = 122912730                              {pd product} {ergonomic}
    uintx ReservedCodeCacheSize                    = 251658240                              {pd product} {ergonomic}
     bool SegmentedCodeCache                       = true                                      {product} {ergonomic}
     bool ShowCodeDetailsInExceptionMessages       = true                                   {manageable} {command line}
   size_t SoftMaxHeapSize                          = 991952896                              {manageable} {ergonomic}
     bool UseCompressedOops                        = true                           {product lp64_product} {ergonomic}
     bool UseG1GC                                  = true                                      {product} {ergonomic}
     bool UseLargePagesIndividualAllocation        = false                                  {pd product} {ergonomic}

Logging:
Log output configuration:
 #0: stdout all=warning uptime,level,tags foldmultilines=false
 #1: stderr all=off uptime,level,tags foldmultilines=false

Environment Variables:
JAVA_HOME=C:\vicasinst\jdk-15.0.1
PATH=C:/Users/user/.p2/pool/plugins/org.eclipse.justj.openjdk.hotspot.jre.full.win32.x86_64_22.0.2.v20240802-1626/jre/bin/server;C:/Users/user/.p2/pool/plugins/org.eclipse.justj.openjdk.hotspot.jre.full.win32.x86_64_22.0.2.v20240802-1626/jre/bin;C:\Program Files\Common Files\Oracle\Java\javapath;C:\Program Files (x86)\Common Files\Oracle\Java\java8path;C:\Program Files (x86)\Common Files\Oracle\Java\javapath;C:\Python311\Scripts\;C:\Python311\;C:\Python39\Scripts\;C:\Python39\;C:\vicasinst\jdk-15.0.1\bin;C:\Program Files (x86)\Common Files\Oracle\Java\javapath1234;C:\WINDOWS\system32;C:\WINDOWS;C:\WINDOWS\System32\Wbem;C:\WINDOWS\System32\WindowsPowerShell\v1.0\;C:\WINDOWS\System32\OpenSSH\;C:\Program Files\Intel\WiFi\bin\;C:\Program Files\Common Files\Intel\WirelessCommon\;C:\Users\user\.dnx\bin;C:\Program Files\Microsoft DNX\Dnvm\;C:\Program Files\Microsoft SQL Server\130\Tools\Binn\;C:\Program Files\Microsoft SQL Server\120\Tools\Binn\;C:\Program Files\dotnet\;C:\Program Files\Microsoft SQL Server\Client SDK\ODBC\170\Tools\Binn\;C:\Program Files (x86)\PowerShell\7\;C:\ProgramData\chocolatey\bin;C:\Program Files\Docker\Docker\resources\bin;C:\ProgramData\DockerDesktop\version-bin;C:\Users\user\AppData\Roaming\nvm;C:\Program Files\nodejs;C:\Program Files\Git\cmd;C:\Program Files (x86)\PuTTY\;C:\Program Files (x86)\Microsoft SQL Server\160\DTS\Binn\;C:\Users\user\AppData\Local\Microsoft\WindowsApps;C:\Program Files\Intel\WiFi\bin\;C:\Program Files\Common Files\Intel\WirelessCommon\;C:\Users\user\.dotnet\tools;C:\Users\user\AppData\Local\Microsoft\WindowsApps;C:\vicasinst\apache-maven-3.6.3\bin;C:\vicasinst\jdk-15.0.1\bin;C:\vicasinst\gradle\gradle-7.2\bin;C:\Users\user\AppData\Roaming\npm;C:\Users\user\AppData\Roaming\nvm;C:\Program Files\nodejs;C:\Users\user\AppData\Local\Programs\Microsoft VS Code\bin;C:\Program Files\JetBrains\PyCharm 2024.3.1.1\bin;;C:\Users\user\Desktop;
USERNAME=user
OS=Windows_NT
PROCESSOR_IDENTIFIER=Intel64 Family 6 Model 69 Stepping 1, GenuineIntel
TMP=C:\Users\user\AppData\Local\Temp
TEMP=C:\Users\user\AppData\Local\Temp




Periodic native trim disabled

---------------  S Y S T E M  ---------------

OS:
 Windows 10 , 64 bit Build 19041 (10.0.19041.5438)
OS uptime: 12 days 23:49 hours

CPU: total 4 (initial active 4) (2 cores per cpu, 2 threads per core) family 6 model 69 stepping 1 microcode 0x25, cx8, cmov, fxsr, ht, mmx, sse, sse2, sse3, ssse3, sse4.1, sse4.2, popcnt, lzcnt, tsc, tscinvbit, avx, avx2, aes, erms, clmul, bmi1, bmi2, fma, vzeroupper, clflush, rdtscp, f16c
Processor Information for all 4 processors :
  Max Mhz: 2494, Current Mhz: 1895, Mhz Limit: 1895

Memory: 4k page, system-wide physical 3782M (233M free)
TotalPageFile size 15558M (AvailPageFile size 0M)
current process WorkingSet (physical memory assigned to process): 90M, peak: 90M
current process commit charge ("private bytes"): 161M, peak: 161M

vm_info: Java HotSpot(TM) 64-Bit Server VM (21.0.4+8-LTS-274) for windows-amd64 JRE (21.0.4+8-LTS-274), built on 2024-06-05T05:23:33Z by "mach5one" with MS VC++ 17.6 (VS2022)

END.
